[2020-03-03 09:37:21] DEBUG (multiPoseDam.MultiPoseDam - main:297) - 파라미터 형식 에러!!
[2020-03-03 09:37:44]  INFO (multiPoseDam.MultiPoseDam - main:32) - firstLine start..
[2020-03-03 09:37:44]  INFO (multiPoseDam.MultiPoseDam - main:286) - parsing complete!
[2020-03-03 09:37:44]  INFO (multiPoseDam.MultiPoseDam - main:294) - 실행 시간 : 0.337초
[2020-03-03 09:39:02]  INFO (multiPoseDam.MultiPoseDam - main:32) - firstLine start..
[2020-03-03 09:39:03]  INFO (multiPoseDam.MultiPoseDam - main:288) - parsing complete!
[2020-03-03 09:39:03]  INFO (multiPoseDam.MultiPoseDam - main:296) - 실행 시간 : 0.791초
[2020-03-03 09:40:58]  INFO (multiPoseDam.MultiPoseDam - main:32) - firstLine start..
[2020-03-03 09:41:00]  INFO (multiPoseDam.MultiPoseDam - main:270) - 진행도::::::1/1
[2020-03-03 09:41:01]  INFO (multiPoseDam.MultiPoseDam - main:288) - parsing complete!
[2020-03-03 09:41:01]  INFO (multiPoseDam.MultiPoseDam - main:296) - 실행 시간 : 2.783초
[2020-03-03 09:59:05]  INFO (waterDam.WaterDam - main:32) - firstLine start..
[2020-03-03 09:59:08]  INFO (waterDam.WaterDam - main:257) - 진행도::::::1/1
[2020-03-03 09:59:09]  INFO (waterDam.WaterDam - main:275) - parsing complete!
[2020-03-03 09:59:09]  INFO (waterDam.WaterDam - main:283) - 실행 시간 : 4.139초
[2020-03-03 10:17:24]  INFO (multiFunctionBarrier.MultiFunctionBarrier - main:32) - firstLine start..
[2020-03-03 10:17:27]  INFO (multiFunctionBarrier.MultiFunctionBarrier - main:238) - 진행도::::::1/1
[2020-03-03 10:17:28]  INFO (multiFunctionBarrier.MultiFunctionBarrier - main:256) - parsing complete!
[2020-03-03 10:17:28]  INFO (multiFunctionBarrier.MultiFunctionBarrier - main:264) - 실행 시간 : 3.387초
[2020-03-03 10:20:46]  INFO (multiFunctionBarrier.MultiFunctionBarrier - main:32) - firstLine start..
[2020-03-03 10:20:51]  INFO (multiFunctionBarrier.MultiFunctionBarrier - main:238) - 진행도::::::1/1
[2020-03-03 10:20:52]  INFO (multiFunctionBarrier.MultiFunctionBarrier - main:256) - parsing complete!
[2020-03-03 10:20:52]  INFO (multiFunctionBarrier.MultiFunctionBarrier - main:264) - 실행 시간 : 5.689초
[2020-03-03 10:21:52]  INFO (multiFunctionBarrier.MultiFunctionBarrier - main:32) - firstLine start..
[2020-03-03 10:21:54]  INFO (multiFunctionBarrier.MultiFunctionBarrier - main:242) - 진행도::::::1/1
[2020-03-03 10:21:55]  INFO (multiFunctionBarrier.MultiFunctionBarrier - main:260) - parsing complete!
[2020-03-03 10:21:55]  INFO (multiFunctionBarrier.MultiFunctionBarrier - main:268) - 실행 시간 : 2.5초
[2020-03-03 11:03:30]  INFO (excllncobsrvt.Mntrf - main:33) - firstLine start..
[2020-03-03 11:04:22]  INFO (excllncobsrvt.Mntrf - main:33) - firstLine start..
[2020-03-03 11:04:24]  INFO (excllncobsrvt.Mntrf - main:159) - 진행도::::::1/1
[2020-03-03 11:04:25]  INFO (excllncobsrvt.Mntrf - main:177) - parsing complete!
[2020-03-03 11:04:25]  INFO (excllncobsrvt.Mntrf - main:185) - 실행 시간 : 2.407초
[2020-03-03 11:16:54]  INFO (excllncobsrvt.Hourrf - main:36) - firstLine start..
[2020-03-03 11:16:55]  INFO (excllncobsrvt.Hourrf - main:160) - 진행도::::::1/1
[2020-03-03 11:16:56]  INFO (excllncobsrvt.Hourrf - main:178) - parsing complete!
[2020-03-03 11:16:56]  INFO (common.TransSftp - transSftp:27) - preparing the host information for sftp.
[2020-03-03 11:17:17]  INFO (common.TransSftp - transSftp:80) - sftp transfer complete!
[2020-03-03 11:17:17]  INFO (excllncobsrvt.Hourrf - main:186) - 실행 시간 : 22.955초
[2020-03-03 11:17:31]  INFO (excllncobsrvt.Hourrf - main:36) - firstLine start..
[2020-03-03 11:17:32]  INFO (excllncobsrvt.Hourrf - main:160) - 진행도::::::1/1
[2020-03-03 11:17:33]  INFO (excllncobsrvt.Hourrf - main:178) - parsing complete!
[2020-03-03 11:17:33]  INFO (excllncobsrvt.Hourrf - main:186) - 실행 시간 : 1.609초
[2020-03-03 11:18:36]  INFO (excllncobsrvt.Hourrf - main:36) - firstLine start..
[2020-03-03 11:18:37]  INFO (excllncobsrvt.Hourrf - main:160) - 진행도::::::1/1
[2020-03-03 11:18:38]  INFO (excllncobsrvt.Hourrf - main:178) - parsing complete!
[2020-03-03 11:18:38]  INFO (excllncobsrvt.Hourrf - main:186) - 실행 시간 : 1.954초
[2020-03-03 13:28:48]  INFO (excllncobsrvt.Mntwal - main:35) - firstLine start..
[2020-03-03 13:28:49]  INFO (excllncobsrvt.Mntwal - main:161) - 진행도::::::1/1
[2020-03-03 13:28:50]  INFO (excllncobsrvt.Mntwal - main:179) - parsing complete!
[2020-03-03 13:28:50]  INFO (common.TransSftp - transSftp:27) - preparing the host information for sftp.
[2020-03-03 13:29:11]  INFO (common.TransSftp - transSftp:80) - sftp transfer complete!
[2020-03-03 13:29:11]  INFO (excllncobsrvt.Mntwal - main:187) - 실행 시간 : 23.113초
[2020-03-03 13:29:35]  INFO (excllncobsrvt.Mntwal - main:35) - firstLine start..
[2020-03-03 13:29:36]  INFO (excllncobsrvt.Mntwal - main:161) - 진행도::::::1/1
[2020-03-03 13:29:37]  INFO (excllncobsrvt.Mntwal - main:179) - parsing complete!
[2020-03-03 13:29:37]  INFO (excllncobsrvt.Mntwal - main:187) - 실행 시간 : 1.545초
[2020-03-03 13:34:18]  INFO (excllncobsrvt.Mntwal - main:35) - firstLine start..
[2020-03-03 13:34:18]  INFO (excllncobsrvt.Mntwal - main:161) - 진행도::::::1/1
[2020-03-03 13:34:19]  INFO (excllncobsrvt.Mntwal - main:179) - parsing complete!
[2020-03-03 13:34:19]  INFO (common.TransSftp - transSftp:27) - preparing the host information for sftp.
[2020-03-03 13:34:40]  INFO (common.TransSftp - transSftp:80) - sftp transfer complete!
[2020-03-03 13:34:40]  INFO (excllncobsrvt.Mntwal - main:187) - 실행 시간 : 22.884초
[2020-03-03 13:34:48]  INFO (excllncobsrvt.Hourwal - main:35) - firstLine start..
[2020-03-03 13:34:49]  INFO (excllncobsrvt.Hourwal - main:161) - 진행도::::::1/1
[2020-03-03 13:34:50]  INFO (excllncobsrvt.Hourwal - main:179) - parsing complete!
[2020-03-03 13:34:50]  INFO (excllncobsrvt.Hourwal - main:187) - 실행 시간 : 1.489초
[2020-03-03 13:35:04]  INFO (excllncobsrvt.Hourwal - main:35) - firstLine start..
[2020-03-03 13:35:04]  INFO (excllncobsrvt.Hourwal - main:161) - 진행도::::::1/1
[2020-03-03 13:35:05]  INFO (excllncobsrvt.Hourwal - main:179) - parsing complete!
[2020-03-03 13:35:05]  INFO (excllncobsrvt.Hourwal - main:187) - 실행 시간 : 1.475초
[2020-03-03 13:55:07]  INFO (excllncobsrvt.Excllcode - main:31) - firstLine start..
[2020-03-03 13:55:07]  INFO (excllncobsrvt.Excllcode - main:131) - parsing complete!
[2020-03-03 13:55:07]  INFO (excllncobsrvt.Excllcode - main:138) - 실행 시간 : 0.244초
[2020-03-03 13:56:47]  INFO (excllncobsrvt.Excllcode - main:31) - firstLine start..
[2020-03-03 13:56:47]  INFO (excllncobsrvt.Excllcode - main:131) - parsing complete!
[2020-03-03 13:56:47]  INFO (excllncobsrvt.Excllcode - main:138) - 실행 시간 : 0.256초
[2020-03-03 14:00:58]  INFO (excllncobsrvt.Walcode - main:31) - firstLine start..
[2020-03-03 14:00:58]  INFO (excllncobsrvt.Walcode - main:132) - parsing complete!
[2020-03-03 14:00:58]  INFO (excllncobsrvt.Walcode - main:139) - 실행 시간 : 0.238초
[2020-03-03 14:39:57]  INFO (waterFlux.WaterFluxList - main:32) - firstLine start..
[2020-03-03 14:40:01]  INFO (waterFlux.WaterFluxList - main:188) - 진행도::::::1/9
[2020-03-03 14:40:05]  INFO (waterFlux.WaterFluxList - main:188) - 진행도::::::2/9
[2020-03-03 14:40:08]  INFO (waterFlux.WaterFluxList - main:188) - 진행도::::::3/9
[2020-03-03 14:40:11]  INFO (waterFlux.WaterFluxList - main:188) - 진행도::::::4/9
[2020-03-03 14:40:14]  INFO (waterFlux.WaterFluxList - main:188) - 진행도::::::5/9
[2020-03-03 14:40:16]  INFO (waterFlux.WaterFluxList - main:188) - 진행도::::::6/9
[2020-03-03 14:40:21]  INFO (waterFlux.WaterFluxList - main:188) - 진행도::::::7/9
[2020-03-03 14:40:24]  INFO (waterFlux.WaterFluxList - main:188) - 진행도::::::8/9
[2020-03-03 14:40:27]  INFO (waterFlux.WaterFluxList - main:188) - 진행도::::::9/9
[2020-03-03 14:40:28]  INFO (waterFlux.WaterFluxList - main:206) - parsing complete!
[2020-03-03 14:40:28]  INFO (waterFlux.WaterFluxList - main:214) - 실행 시간 : 30.211초
[2020-03-03 15:05:00]  INFO (waterFlux.FcltyList - main:31) - firstLine start..
[2020-03-03 15:05:01]  INFO (waterFlux.FcltyList - main:129) - parsing complete!
[2020-03-03 15:05:01]  INFO (waterFlux.FcltyList - main:136) - 실행 시간 : 0.763초
[2020-03-03 15:05:19]  INFO (waterFlux.FcltyList - main:31) - firstLine start..
[2020-03-03 15:05:19]  INFO (waterFlux.FcltyList - main:129) - parsing complete!
[2020-03-03 15:05:19]  INFO (waterFlux.FcltyList - main:136) - 실행 시간 : 0.439초
[2020-03-03 15:22:23]  INFO (waterPressure.WaterPressureList - main:32) - firstLine start..
[2020-03-03 15:22:26]  INFO (waterPressure.WaterPressureList - main:188) - 진행도::::::1/5
[2020-03-03 15:22:29]  INFO (waterPressure.WaterPressureList - main:188) - 진행도::::::2/5
[2020-03-03 15:22:37]  INFO (waterPressure.WaterPressureList - main:188) - 진행도::::::3/5
[2020-03-03 15:22:41]  INFO (waterPressure.WaterPressureList - main:188) - 진행도::::::4/5
[2020-03-03 15:22:43]  INFO (waterPressure.WaterPressureList - main:188) - 진행도::::::5/5
[2020-03-03 15:22:44]  INFO (waterPressure.WaterPressureList - main:206) - parsing complete!
[2020-03-03 15:22:44]  INFO (waterPressure.WaterPressureList - main:214) - 실행 시간 : 21.315초
[2020-03-03 15:46:55]  INFO (waterPressure.FcltyList - main:31) - firstLine start..
[2020-03-03 15:46:56]  INFO (waterPressure.FcltyList - main:160) - parsing complete!
[2020-03-03 15:46:56]  INFO (waterPressure.FcltyList - main:167) - 실행 시간 : 0.542초
[2020-03-03 15:47:54]  INFO (waterPressure.FcltyList - main:31) - firstLine start..
[2020-03-03 15:47:54]  INFO (waterPressure.FcltyList - main:142) - 진행도::::::1/1
[2020-03-03 15:47:55]  INFO (waterPressure.FcltyList - main:160) - parsing complete!
[2020-03-03 15:47:55]  INFO (waterPressure.FcltyList - main:167) - 실행 시간 : 1.462초
[2020-03-03 15:50:39]  INFO (waterPressure.FcltyList - main:31) - firstLine start..
[2020-03-03 15:50:40]  INFO (waterPressure.FcltyList - main:142) - 진행도::::::1/1
[2020-03-03 15:50:41]  INFO (waterPressure.FcltyList - main:160) - parsing complete!
[2020-03-03 15:50:41]  INFO (waterPressure.FcltyList - main:167) - 실행 시간 : 2.376초
[2020-03-03 15:51:22]  INFO (waterPressure.FcltyList - main:31) - firstLine start..
[2020-03-03 15:51:23]  INFO (waterPressure.FcltyList - main:142) - 진행도::::::1/1
[2020-03-03 15:51:24]  INFO (waterPressure.FcltyList - main:160) - parsing complete!
[2020-03-03 15:51:24]  INFO (waterPressure.FcltyList - main:167) - 실행 시간 : 1.723초
[2020-03-03 16:03:49]  INFO (waterLevel.WaterLevelList - main:32) - firstLine start..
[2020-03-03 16:03:52]  INFO (waterLevel.WaterLevelList - main:188) - 진행도::::::1/4
[2020-03-03 16:04:20]  INFO (waterLevel.WaterLevelList - main:32) - firstLine start..
[2020-03-03 16:04:22]  INFO (waterLevel.WaterLevelList - main:188) - 진행도::::::1/4
[2020-03-03 16:04:24]  INFO (waterLevel.WaterLevelList - main:188) - 진행도::::::2/4
[2020-03-03 16:04:27]  INFO (waterLevel.WaterLevelList - main:188) - 진행도::::::3/4
[2020-03-03 16:04:28]  INFO (waterLevel.WaterLevelList - main:188) - 진행도::::::4/4
[2020-03-03 16:04:29]  INFO (waterLevel.WaterLevelList - main:206) - parsing complete!
[2020-03-03 16:04:29]  INFO (waterLevel.WaterLevelList - main:214) - 실행 시간 : 9.5초
[2020-03-03 16:10:48]  INFO (waterLevel.FcltyList - main:31) - firstLine start..
[2020-03-03 16:10:48]  INFO (waterLevel.FcltyList - main:160) - parsing complete!
[2020-03-03 16:10:48]  INFO (common.TransSftp - transSftp:27) - preparing the host information for sftp.
[2020-03-03 16:11:52]  INFO (waterLevel.FcltyList - main:31) - firstLine start..
[2020-03-03 16:11:53]  INFO (waterLevel.FcltyList - main:142) - 진행도::::::1/1
[2020-03-03 16:11:54]  INFO (waterLevel.FcltyList - main:160) - parsing complete!
[2020-03-03 16:11:54]  INFO (waterLevel.FcltyList - main:167) - 실행 시간 : 1.65초
[2020-03-03 16:13:32]  INFO (waterLevel.FcltyList - main:31) - firstLine start..
[2020-03-03 16:13:32]  INFO (waterLevel.FcltyList - main:142) - 진행도::::::1/1
[2020-03-03 16:13:33]  INFO (waterLevel.FcltyList - main:160) - parsing complete!
[2020-03-03 16:13:33]  INFO (waterLevel.FcltyList - main:167) - 실행 시간 : 1.494초
[2020-03-03 16:52:58]  INFO (waterQuality.WaterQualityList - main:31) - firstLine start..
[2020-03-03 16:53:00]  INFO (waterQuality.WaterQualityList - main:205) - 진행도::::::1/2
[2020-03-03 16:53:02]  INFO (waterQuality.WaterQualityList - main:205) - 진행도::::::2/2
[2020-03-03 16:53:03]  INFO (waterQuality.WaterQualityList - main:223) - parsing complete!
[2020-03-03 16:53:03]  INFO (waterQuality.WaterQualityList - main:231) - 실행 시간 : 5.006초
[2020-03-03 17:01:22]  INFO (waterQuality.FcltyList - main:31) - firstLine start..
[2020-03-03 17:01:23]  INFO (waterQuality.FcltyList - main:142) - 진행도::::::1/1
[2020-03-03 17:01:24]  INFO (waterQuality.FcltyList - main:160) - parsing complete!
[2020-03-03 17:01:24]  INFO (waterQuality.FcltyList - main:167) - 실행 시간 : 1.76초
[2020-03-03 17:20:50]  INFO (waterQuality.SupplyLgldCodeList - main:30) - firstLine start..
[2020-03-03 17:20:52]  INFO (waterQuality.SupplyLgldCodeList - main:171) - 진행도::::::1/1
[2020-03-03 17:20:53]  INFO (waterQuality.SupplyLgldCodeList - main:189) - parsing complete!
[2020-03-03 17:20:53]  INFO (waterQuality.SupplyLgldCodeList - main:196) - 실행 시간 : 2.894초
